Detecting Fortran compiler ABI info failed to compile with the following output:
Change Dir: /Users/dbirving/Software/uvcdat-build/CMakeFiles/CMakeTmp

Run Build Command:/usr/bin/make "cmTryCompileExec909150298/fast"
/usr/bin/make -f CMakeFiles/cmTryCompileExec909150298.dir/build.make CMakeFiles/cmTryCompileExec909150298.dir/build
"/Applications/CMake 2.8-12.app/Contents/bin/cmake" -E cmake_progress_report /Users/dbirving/Software/uvcdat-build/CMakeFiles/CMakeTmp/CMakeFiles 1
Building Fortran object CMakeFiles/cmTryCompileExec909150298.dir/CMakeFortranCompilerABI.F.o
/usr/local/bin/gfortran   -arch x86_64   -c "/Applications/CMake 2.8-12.app/Contents/share/cmake-2.8/Modules/CMakeFortranCompilerABI.F" -o CMakeFiles/cmTryCompileExec909150298.dir/CMakeFortranCompilerABI.F.o
gfortran: error: x86_64: No such file or directory
gfortran: error: unrecognized option ‘-arch’
make[1]: *** [CMakeFiles/cmTryCompileExec909150298.dir/CMakeFortranCompilerABI.F.o] Error 1
make: *** [cmTryCompileExec909150298/fast] Error 2



Determining if the Q_WS_X11 exist failed with the following output:
Change Dir: /Users/dbirving/Software/uvcdat-build/CMakeFiles/CMakeTmp

Run Build Command:/usr/bin/make "cmTryCompileExec1756767574/fast"
/usr/bin/make -f CMakeFiles/cmTryCompileExec1756767574.dir/build.make CMakeFiles/cmTryCompileExec1756767574.dir/build
"/Applications/CMake 2.8-12.app/Contents/bin/cmake" -E cmake_progress_report /Users/dbirving/Software/uvcdat-build/CMakeFiles/CMakeTmp/CMakeFiles 1
Building CXX object CMakeFiles/cmTryCompileExec1756767574.dir/CheckSymbolExists.cxx.o
/usr/bin/c++    -arch x86_64 -isysroot /Developer/SDKs/MacOSX10.6.sdk -mmacosx-version-min=10.6 -I/opt/anaconda1anaconda2anaconda3/include -F/Developer/SDKs/MacOSX10.6.sdk/Library/Frameworks    -o CMakeFiles/cmTryCompileExec1756767574.dir/CheckSymbolExists.cxx.o -c /Users/dbirving/Software/uvcdat-build/CMakeFiles/CMakeTmp/CheckSymbolExists.cxx
/Users/dbirving/Software/uvcdat-build/CMakeFiles/CMakeTmp/CheckSymbolExists.cxx: In function ‘int main(int, char**)’:
/Users/dbirving/Software/uvcdat-build/CMakeFiles/CMakeTmp/CheckSymbolExists.cxx:8: error: ‘Q_WS_X11’ was not declared in this scope
make[1]: *** [CMakeFiles/cmTryCompileExec1756767574.dir/CheckSymbolExists.cxx.o] Error 1
make: *** [cmTryCompileExec1756767574/fast] Error 2

File /Users/dbirving/Software/uvcdat-build/CMakeFiles/CMakeTmp/CheckSymbolExists.cxx:
/* */
#include <QtCore/qglobal.h>

int main(int argc, char** argv)
{
  (void)argv;
#ifndef Q_WS_X11
  return ((int*)(&Q_WS_X11))[argc];
#else
  (void)argc;
  return 0;
#endif
}

Determining if the Q_WS_WIN exist failed with the following output:
Change Dir: /Users/dbirving/Software/uvcdat-build/CMakeFiles/CMakeTmp

Run Build Command:/usr/bin/make "cmTryCompileExec494135175/fast"
/usr/bin/make -f CMakeFiles/cmTryCompileExec494135175.dir/build.make CMakeFiles/cmTryCompileExec494135175.dir/build
"/Applications/CMake 2.8-12.app/Contents/bin/cmake" -E cmake_progress_report /Users/dbirving/Software/uvcdat-build/CMakeFiles/CMakeTmp/CMakeFiles 1
Building CXX object CMakeFiles/cmTryCompileExec494135175.dir/CheckSymbolExists.cxx.o
/usr/bin/c++    -arch x86_64 -isysroot /Developer/SDKs/MacOSX10.6.sdk -mmacosx-version-min=10.6 -I/opt/anaconda1anaconda2anaconda3/include -F/Developer/SDKs/MacOSX10.6.sdk/Library/Frameworks    -o CMakeFiles/cmTryCompileExec494135175.dir/CheckSymbolExists.cxx.o -c /Users/dbirving/Software/uvcdat-build/CMakeFiles/CMakeTmp/CheckSymbolExists.cxx
/Users/dbirving/Software/uvcdat-build/CMakeFiles/CMakeTmp/CheckSymbolExists.cxx: In function ‘int main(int, char**)’:
/Users/dbirving/Software/uvcdat-build/CMakeFiles/CMakeTmp/CheckSymbolExists.cxx:8: error: ‘Q_WS_WIN’ was not declared in this scope
make[1]: *** [CMakeFiles/cmTryCompileExec494135175.dir/CheckSymbolExists.cxx.o] Error 1
make: *** [cmTryCompileExec494135175/fast] Error 2

File /Users/dbirving/Software/uvcdat-build/CMakeFiles/CMakeTmp/CheckSymbolExists.cxx:
/* */
#include <QtCore/qglobal.h>

int main(int argc, char** argv)
{
  (void)argv;
#ifndef Q_WS_WIN
  return ((int*)(&Q_WS_WIN))[argc];
#else
  (void)argc;
  return 0;
#endif
}

Determining if the Q_WS_QWS exist failed with the following output:
Change Dir: /Users/dbirving/Software/uvcdat-build/CMakeFiles/CMakeTmp

Run Build Command:/usr/bin/make "cmTryCompileExec4090007642/fast"
/usr/bin/make -f CMakeFiles/cmTryCompileExec4090007642.dir/build.make CMakeFiles/cmTryCompileExec4090007642.dir/build
"/Applications/CMake 2.8-12.app/Contents/bin/cmake" -E cmake_progress_report /Users/dbirving/Software/uvcdat-build/CMakeFiles/CMakeTmp/CMakeFiles 1
Building CXX object CMakeFiles/cmTryCompileExec4090007642.dir/CheckSymbolExists.cxx.o
/usr/bin/c++    -arch x86_64 -isysroot /Developer/SDKs/MacOSX10.6.sdk -mmacosx-version-min=10.6 -I/opt/anaconda1anaconda2anaconda3/include -F/Developer/SDKs/MacOSX10.6.sdk/Library/Frameworks    -o CMakeFiles/cmTryCompileExec4090007642.dir/CheckSymbolExists.cxx.o -c /Users/dbirving/Software/uvcdat-build/CMakeFiles/CMakeTmp/CheckSymbolExists.cxx
/Users/dbirving/Software/uvcdat-build/CMakeFiles/CMakeTmp/CheckSymbolExists.cxx: In function ‘int main(int, char**)’:
/Users/dbirving/Software/uvcdat-build/CMakeFiles/CMakeTmp/CheckSymbolExists.cxx:8: error: ‘Q_WS_QWS’ was not declared in this scope
make[1]: *** [CMakeFiles/cmTryCompileExec4090007642.dir/CheckSymbolExists.cxx.o] Error 1
make: *** [cmTryCompileExec4090007642/fast] Error 2

File /Users/dbirving/Software/uvcdat-build/CMakeFiles/CMakeTmp/CheckSymbolExists.cxx:
/* */
#include <QtCore/qglobal.h>

int main(int argc, char** argv)
{
  (void)argv;
#ifndef Q_WS_QWS
  return ((int*)(&Q_WS_QWS))[argc];
#else
  (void)argc;
  return 0;
#endif
}

